[30m2021-07-27 08:56:22,562[0;39m [34m[0;39m[32m INFO [ebanking-userservice,,][0;39m [[34mmain[0;39m] [33morg.springframework.boot.StartupInfoLogger[0;39m : Starting UserserviceApplication using Java 13.0.2 on DESKTOP-2GMD346 with PID 22376 (C:\Users\abder\Desktop\ProjetStage\userservice\target\classes started by abderrahim in C:\Users\abder\Desktop\ProjetStage\userservice)
[30m2021-07-27 08:56:22,570[0;39m [34m[0;39m[32m INFO [ebanking-userservice,,][0;39m [[34mmain[0;39m] [33morg.springframework.boot.SpringApplication[0;39m : No active profile set, falling back to default profiles: default
[30m2021-07-27 08:56:26,194[0;39m [34m[0;39m[32m INFO [ebanking-userservice,,][0;39m [[34mmain[0;39m] [33morg.springframework.data.repository.config.RepositoryConfigurationDelegate[0;39m : Bootstrapping Spring Data JPA repositories in DEFAULT mode.
[30m2021-07-27 08:56:26,323[0;39m [34m[0;39m[32m INFO [ebanking-userservice,,][0;39m [[34mmain[0;39m] [33morg.springframework.data.repository.config.RepositoryConfigurationDelegate[0;39m : Finished Spring Data repository scanning in 116 ms. Found 3 JPA repository interfaces.
[30m2021-07-27 08:56:27,567[0;39m [31m[0;39m[33m WARN [ebanking-userservice,,][0;39m [[34mmain[0;39m] [33morg.springframework.boot.actuate.endpoint.EndpointId[0;39m : Endpoint ID 'hystrix.stream' contains invalid characters, please migrate to a valid format.
[30m2021-07-27 08:56:28,044[0;39m [34m[0;39m[32m INFO [ebanking-userservice,,][0;39m [[34mmain[0;39m] [33morg.springframework.cloud.context.scope.GenericScope[0;39m : BeanFactory id=7990006b-6106-33de-8613-10ea57aa2361
[30m2021-07-27 08:56:28,990[0;39m [34m[0;39m[32m INFO [ebanking-userservice,,][0;39m [[34mmain[0;39m] [33morg.springframework.context.support.PostProcessorRegistrationDelegate$BeanPostProcessorChecker[0;39m : Bean 'org.springframework.hateoas.config.HateoasConfiguration' of type [org.springframework.hateoas.config.HateoasConfiguration] is not eligible for getting processed by all BeanPostProcessors (for example: not eligible for auto-proxying)
[30m2021-07-27 08:56:29,021[0;39m [34m[0;39m[32m INFO [ebanking-userservice,,][0;39m [[34mmain[0;39m] [33morg.springframework.context.support.PostProcessorRegistrationDelegate$BeanPostProcessorChecker[0;39m : Bean 'relProviderPluginRegistry' of type [org.springframework.plugin.core.support.PluginRegistryFactoryBean] is not eligible for getting processed by all BeanPostProcessors (for example: not eligible for auto-proxying)
[30m2021-07-27 08:56:29,043[0;39m [34m[0;39m[32m INFO [ebanking-userservice,,][0;39m [[34mmain[0;39m] [33morg.springframework.context.support.PostProcessorRegistrationDelegate$BeanPostProcessorChecker[0;39m : Bean 'relProviderPluginRegistry' of type [org.springframework.plugin.core.OrderAwarePluginRegistry] is not eligible for getting processed by all BeanPostProcessors (for example: not eligible for auto-proxying)
[30m2021-07-27 08:56:29,083[0;39m [34m[0;39m[32m INFO [ebanking-userservice,,][0;39m [[34mmain[0;39m] [33morg.springframework.context.support.PostProcessorRegistrationDelegate$BeanPostProcessorChecker[0;39m : Bean '_relProvider' of type [org.springframework.hateoas.server.core.DelegatingLinkRelationProvider] is not eligible for getting processed by all BeanPostProcessors (for example: not eligible for auto-proxying)
[30m2021-07-27 08:56:29,098[0;39m [34m[0;39m[32m INFO [ebanking-userservice,,][0;39m [[34mmain[0;39m] [33morg.springframework.context.support.PostProcessorRegistrationDelegate$BeanPostProcessorChecker[0;39m : Bean 'messageResolver' of type [org.springframework.hateoas.mediatype.MessageSourceResolver] is not eligible for getting processed by all BeanPostProcessors (for example: not eligible for auto-proxying)
[30m2021-07-27 08:56:29,121[0;39m [34m[0;39m[32m INFO [ebanking-userservice,,][0;39m [[34mmain[0;39m] [33morg.springframework.context.support.PostProcessorRegistrationDelegate$BeanPostProcessorChecker[0;39m : Bean 'org.springframework.data.web.config.SpringDataJacksonConfiguration' of type [org.springframework.data.web.config.SpringDataJacksonConfiguration] is not eligible for getting processed by all BeanPostProcessors (for example: not eligible for auto-proxying)
[30m2021-07-27 08:56:29,134[0;39m [34m[0;39m[32m INFO [ebanking-userservice,,][0;39m [[34mmain[0;39m] [33morg.springframework.context.support.PostProcessorRegistrationDelegate$BeanPostProcessorChecker[0;39m : Bean 'jacksonGeoModule' of type [org.springframework.data.geo.GeoModule] is not eligible for getting processed by all BeanPostProcessors (for example: not eligible for auto-proxying)
[30m2021-07-27 08:56:29,215[0;39m [34m[0;39m[32m INFO [ebanking-userservice,,][0;39m [[34mmain[0;39m] [33morg.springframework.context.support.PostProcessorRegistrationDelegate$BeanPostProcessorChecker[0;39m : Bean 'org.springframework.boot.autoconfigure.data.rest.RepositoryRestMvcAutoConfiguration' of type [org.springframework.boot.autoconfigure.data.rest.RepositoryRestMvcAutoConfiguration] is not eligible for getting processed by all BeanPostProcessors (for example: not eligible for auto-proxying)
[30m2021-07-27 08:56:29,223[0;39m [34m[0;39m[32m INFO [ebanking-userservice,,][0;39m [[34mmain[0;39m] [33morg.springframework.context.support.PostProcessorRegistrationDelegate$BeanPostProcessorChecker[0;39m : Bean 'org.springframework.boot.autoconfigure.jackson.JacksonAutoConfiguration$JacksonObjectMapperBuilderConfiguration' of type [org.springframework.boot.autoconfigure.jackson.JacksonAutoConfiguration$JacksonObjectMapperBuilderConfiguration] is not eligible for getting processed by all BeanPostProcessors (for example: not eligible for auto-proxying)
[30m2021-07-27 08:56:29,232[0;39m [34m[0;39m[32m INFO [ebanking-userservice,,][0;39m [[34mmain[0;39m] [33morg.springframework.context.support.PostProcessorRegistrationDelegate$BeanPostProcessorChecker[0;39m : Bean 'org.springframework.boot.autoconfigure.jackson.JacksonAutoConfiguration$Jackson2ObjectMapperBuilderCustomizerConfiguration' of type [org.springframework.boot.autoconfigure.jackson.JacksonAutoConfiguration$Jackson2ObjectMapperBuilderCustomizerConfiguration] is not eligible for getting processed by all BeanPostProcessors (for example: not eligible for auto-proxying)
[30m2021-07-27 08:56:29,270[0;39m [34m[0;39m[32m INFO [ebanking-userservice,,][0;39m [[34mmain[0;39m] [33morg.springframework.context.support.PostProcessorRegistrationDelegate$BeanPostProcessorChecker[0;39m : Bean 'spring.jackson-org.springframework.boot.autoconfigure.jackson.JacksonProperties' of type [org.springframework.boot.autoconfigure.jackson.JacksonProperties] is not eligible for getting processed by all BeanPostProcessors (for example: not eligible for auto-proxying)
[30m2021-07-27 08:56:29,276[0;39m [34m[0;39m[32m INFO [ebanking-userservice,,][0;39m [[34mmain[0;39m] [33morg.springframework.context.support.PostProcessorRegistrationDelegate$BeanPostProcessorChecker[0;39m : Bean 'standardJacksonObjectMapperBuilderCustomizer' of type [org.springframework.boot.autoconfigure.jackson.JacksonAutoConfiguration$Jackson2ObjectMapperBuilderCustomizerConfiguration$StandardJackson2ObjectMapperBuilderCustomizer] is not eligible for getting processed by all BeanPostProcessors (for example: not eligible for auto-proxying)
[30m2021-07-27 08:56:29,285[0;39m [34m[0;39m[32m INFO [ebanking-userservice,,][0;39m [[34mmain[0;39m] [33morg.springframework.context.support.PostProcessorRegistrationDelegate$BeanPostProcessorChecker[0;39m : Bean 'org.springframework.boot.autoconfigure.jackson.JacksonAutoConfiguration$ParameterNamesModuleConfiguration' of type [org.springframework.boot.autoconfigure.jackson.JacksonAutoConfiguration$ParameterNamesModuleConfiguration] is not eligible for getting processed by all BeanPostProcessors (for example: not eligible for auto-proxying)
[30m2021-07-27 08:56:29,290[0;39m [34m[0;39m[32m INFO [ebanking-userservice,,][0;39m [[34mmain[0;39m] [33morg.springframework.context.support.PostProcessorRegistrationDelegate$BeanPostProcessorChecker[0;39m : Bean 'parameterNamesModule' of type [com.fasterxml.jackson.module.paramnames.ParameterNamesModule] is not eligible for getting processed by all BeanPostProcessors (for example: not eligible for auto-proxying)
[30m2021-07-27 08:56:29,295[0;39m [34m[0;39m[32m INFO [ebanking-userservice,,][0;39m [[34mmain[0;39m] [33morg.springframework.context.support.PostProcessorRegistrationDelegate$BeanPostProcessorChecker[0;39m : Bean 'org.springframework.boot.autoconfigure.jackson.JacksonAutoConfiguration' of type [org.springframework.boot.autoconfigure.jackson.JacksonAutoConfiguration] is not eligible for getting processed by all BeanPostProcessors (for example: not eligible for auto-proxying)
[30m2021-07-27 08:56:29,318[0;39m [34m[0;39m[32m INFO [ebanking-userservice,,][0;39m [[34mmain[0;39m] [33morg.springframework.context.support.PostProcessorRegistrationDelegate$BeanPostProcessorChecker[0;39m : Bean 'jsonComponentModule' of type [org.springframework.boot.jackson.JsonComponentModule] is not eligible for getting processed by all BeanPostProcessors (for example: not eligible for auto-proxying)
[30m2021-07-27 08:56:29,327[0;39m [34m[0;39m[32m INFO [ebanking-userservice,,][0;39m [[34mmain[0;39m] [33morg.springframework.context.support.PostProcessorRegistrationDelegate$BeanPostProcessorChecker[0;39m : Bean 'jacksonObjectMapperBuilder' of type [org.springframework.http.converter.json.Jackson2ObjectMapperBuilder] is not eligible for getting processed by all BeanPostProcessors (for example: not eligible for auto-proxying)
[30m2021-07-27 08:56:29,356[0;39m [34m[0;39m[32m INFO [ebanking-userservice,,][0;39m [[34mmain[0;39m] [33morg.springframework.context.support.PostProcessorRegistrationDelegate$BeanPostProcessorChecker[0;39m : Bean 'spring.data.rest-org.springframework.boot.autoconfigure.data.rest.RepositoryRestProperties' of type [org.springframework.boot.autoconfigure.data.rest.RepositoryRestProperties] is not eligible for getting processed by all BeanPostProcessors (for example: not eligible for auto-proxying)
[30m2021-07-27 08:56:29,369[0;39m [34m[0;39m[32m INFO [ebanking-userservice,,][0;39m [[34mmain[0;39m] [33morg.springframework.context.support.PostProcessorRegistrationDelegate$BeanPostProcessorChecker[0;39m : Bean 'springBootRepositoryRestConfigurer' of type [org.springframework.boot.autoconfigure.data.rest.SpringBootRepositoryRestConfigurer] is not eligible for getting processed by all BeanPostProcessors (for example: not eligible for auto-proxying)
[30m2021-07-27 08:56:29,379[0;39m [34m[0;39m[32m INFO [ebanking-userservice,,][0;39m [[34mmain[0;39m] [33morg.springframework.context.support.PostProcessorRegistrationDelegate$BeanPostProcessorChecker[0;39m : Bean 'configurerDelegate' of type [org.springframework.data.rest.webmvc.config.RepositoryRestConfigurerDelegate] is not eligible for getting processed by all BeanPostProcessors (for example: not eligible for auto-proxying)
[30m2021-07-27 08:56:29,394[0;39m [34m[0;39m[32m INFO [ebanking-userservice,,][0;39m [[34mmain[0;39m] [33morg.springframework.context.support.PostProcessorRegistrationDelegate$BeanPostProcessorChecker[0;39m : Bean 'org.springframework.boot.autoconfigure.http.HttpMessageConvertersAutoConfiguration$StringHttpMessageConverterConfiguration' of type [org.springframework.boot.autoconfigure.http.HttpMessageConvertersAutoConfiguration$StringHttpMessageConverterConfiguration] is not eligible for getting processed by all BeanPostProcessors (for example: not eligible for auto-proxying)
[30m2021-07-27 08:56:29,417[0;39m [34m[0;39m[32m INFO [ebanking-userservice,,][0;39m [[34mmain[0;39m] [33morg.springframework.context.support.PostProcessorRegistrationDelegate$BeanPostProcessorChecker[0;39m : Bean 'stringHttpMessageConverter' of type [org.springframework.http.converter.StringHttpMessageConverter] is not eligible for getting processed by all BeanPostProcessors (for example: not eligible for auto-proxying)
[30m2021-07-27 08:56:29,425[0;39m [34m[0;39m[32m INFO [ebanking-userservice,,][0;39m [[34mmain[0;39m] [33morg.springframework.context.support.PostProcessorRegistrationDelegate$BeanPostProcessorChecker[0;39m : Bean 'org.springframework.boot.autoconfigure.http.JacksonHttpMessageConvertersConfiguration$MappingJackson2HttpMessageConverterConfiguration' of type [org.springframework.boot.autoconfigure.http.JacksonHttpMessageConvertersConfiguration$MappingJackson2HttpMessageConverterConfiguration] is not eligible for getting processed by all BeanPostProcessors (for example: not eligible for auto-proxying)
[30m2021-07-27 08:56:29,430[0;39m [34m[0;39m[32m INFO [ebanking-userservice,,][0;39m [[34mmain[0;39m] [33morg.springframework.context.support.PostProcessorRegistrationDelegate$BeanPostProcessorChecker[0;39m : Bean 'org.springframework.boot.autoconfigure.jackson.JacksonAutoConfiguration$JacksonObjectMapperConfiguration' of type [org.springframework.boot.autoconfigure.jackson.JacksonAutoConfiguration$JacksonObjectMapperConfiguration] is not eligible for getting processed by all BeanPostProcessors (for example: not eligible for auto-proxying)
[30m2021-07-27 08:56:29,450[0;39m [34m[0;39m[32m INFO [ebanking-userservice,,][0;39m [[34mmain[0;39m] [33morg.springframework.context.support.PostProcessorRegistrationDelegate$BeanPostProcessorChecker[0;39m : Bean 'jacksonObjectMapperBuilder' of type [org.springframework.http.converter.json.Jackson2ObjectMapperBuilder] is not eligible for getting processed by all BeanPostProcessors (for example: not eligible for auto-proxying)
[30m2021-07-27 08:56:29,484[0;39m [34m[0;39m[32m INFO [ebanking-userservice,,][0;39m [[34mmain[0;39m] [33morg.springframework.context.support.PostProcessorRegistrationDelegate$BeanPostProcessorChecker[0;39m : Bean 'jacksonObjectMapper' of type [com.fasterxml.jackson.databind.ObjectMapper] is not eligible for getting processed by all BeanPostProcessors (for example: not eligible for auto-proxying)
[30m2021-07-27 08:56:29,546[0;39m [34m[0;39m[32m INFO [ebanking-userservice,,][0;39m [[34mmain[0;39m] [33morg.springframework.context.support.PostProcessorRegistrationDelegate$BeanPostProcessorChecker[0;39m : Bean 'mappingJackson2HttpMessageConverter' of type [org.springframework.http.converter.json.MappingJackson2HttpMessageConverter] is not eligible for getting processed by all BeanPostProcessors (for example: not eligible for auto-proxying)
[30m2021-07-27 08:56:29,562[0;39m [34m[0;39m[32m INFO [ebanking-userservice,,][0;39m [[34mmain[0;39m] [33morg.springframework.context.support.PostProcessorRegistrationDelegate$BeanPostProcessorChecker[0;39m : Bean 'org.springframework.data.rest.webmvc.config.RepositoryRestMvcConfiguration' of type [org.springframework.data.rest.webmvc.config.RepositoryRestMvcConfiguration] is not eligible for getting processed by all BeanPostProcessors (for example: not eligible for auto-proxying)
[30m2021-07-27 08:56:29,633[0;39m [34m[0;39m[32m INFO [ebanking-userservice,,][0;39m [[34mmain[0;39m] [33morg.springframework.context.support.PostProcessorRegistrationDelegate$BeanPostProcessorChecker[0;39m : Bean 'org.springframework.cloud.client.loadbalancer.reactive.LoadBalancerBeanPostProcessorAutoConfiguration' of type [org.springframework.cloud.client.loadbalancer.reactive.LoadBalancerBeanPostProcessorAutoConfiguration] is not eligible for getting processed by all BeanPostProcessors (for example: not eligible for auto-proxying)
[30m2021-07-27 08:56:29,642[0;39m [34m[0;39m[32m INFO [ebanking-userservice,,][0;39m [[34mmain[0;39m] [33morg.springframework.context.support.PostProcessorRegistrationDelegate$BeanPostProcessorChecker[0;39m : Bean 'org.springframework.cloud.client.loadbalancer.reactive.LoadBalancerBeanPostProcessorAutoConfiguration$ReactorDeferringLoadBalancerFilterConfig' of type [org.springframework.cloud.client.loadbalancer.reactive.LoadBalancerBeanPostProcessorAutoConfiguration$ReactorDeferringLoadBalancerFilterConfig] is not eligible for getting processed by all BeanPostProcessors (for example: not eligible for auto-proxying)
[30m2021-07-27 08:56:29,654[0;39m [34m[0;39m[32m INFO [ebanking-userservice,,][0;39m [[34mmain[0;39m] [33morg.springframework.context.support.PostProcessorRegistrationDelegate$BeanPostProcessorChecker[0;39m : Bean 'reactorDeferringLoadBalancerExchangeFilterFunction' of type [org.springframework.cloud.client.loadbalancer.reactive.DeferringLoadBalancerExchangeFilterFunction] is not eligible for getting processed by all BeanPostProcessors (for example: not eligible for auto-proxying)
[30m2021-07-27 08:56:30,443[0;39m [34m[0;39m[32m INFO [ebanking-userservice,,][0;39m [[34mmain[0;39m] [33morg.springframework.boot.web.embedded.tomcat.TomcatWebServer[0;39m : Tomcat initialized with port(s): 8283 (http)
[30m2021-07-27 08:56:30,458[0;39m [34m[0;39m[32m INFO [ebanking-userservice,,][0;39m [[34mmain[0;39m] [33morg.apache.juli.logging.DirectJDKLog[0;39m : Starting service [Tomcat]
[30m2021-07-27 08:56:30,458[0;39m [34m[0;39m[32m INFO [ebanking-userservice,,][0;39m [[34mmain[0;39m] [33morg.apache.juli.logging.DirectJDKLog[0;39m : Starting Servlet engine: [Apache Tomcat/9.0.41]
[30m2021-07-27 08:56:30,772[0;39m [34m[0;39m[32m INFO [ebanking-userservice,,][0;39m [[34mmain[0;39m] [33morg.apache.juli.logging.DirectJDKLog[0;39m : Initializing Spring embedded WebApplicationContext
[30m2021-07-27 08:56:30,772[0;39m [34m[0;39m[32m INFO [ebanking-userservice,,][0;39m [[34mmain[0;39m] [33morg.springframework.boot.web.servlet.context.ServletWebServerApplicationContext[0;39m : Root WebApplicationContext: initialization completed in 8062 ms
[30m2021-07-27 08:56:31,103[0;39m [31m[0;39m[33m WARN [ebanking-userservice,,][0;39m [[34mmain[0;39m] [33mcom.netflix.config.sources.URLConfigurationSource[0;39m : No URLs will be polled as dynamic configuration sources.
[30m2021-07-27 08:56:31,104[0;39m [34m[0;39m[32m INFO [ebanking-userservice,,][0;39m [[34mmain[0;39m] [33mcom.netflix.config.sources.URLConfigurationSource[0;39m : To enable URLs as dynamic configuration sources, define System property archaius.configurationSource.additionalUrls or make config.properties available on classpath.
[30m2021-07-27 08:56:31,113[0;39m [34m[0;39m[32m INFO [ebanking-userservice,,][0;39m [[34mmain[0;39m] [33mcom.netflix.config.DynamicPropertyFactory[0;39m : DynamicPropertyFactory is initialized with configuration sources: com.netflix.config.ConcurrentCompositeConfiguration@2d3d4a54
[30m2021-07-27 08:56:40,010[0;39m [34m[0;39m[32m INFO [ebanking-userservice,,][0;39m [[34mmain[0;39m] [33morg.springframework.boot.actuate.endpoint.web.ServletEndpointRegistrar[0;39m : Registered '/actuator/hystrix.stream' to hystrix.stream-actuator-endpoint
[30m2021-07-27 08:56:40,136[0;39m [34m[0;39m[32m INFO [ebanking-userservice,,][0;39m [[34mmain[0;39m] [33morg.hibernate.jpa.internal.util.LogHelper[0;39m : HHH000204: Processing PersistenceUnitInfo [name: default]
[30m2021-07-27 08:56:40,191[0;39m [34m[0;39m[32m INFO [ebanking-userservice,,][0;39m [[34mmain[0;39m] [33morg.hibernate.Version[0;39m : HHH000412: Hibernate ORM core version 5.4.27.Final
[30m2021-07-27 08:56:40,318[0;39m [34m[0;39m[32m INFO [ebanking-userservice,,][0;39m [[34mmain[0;39m] [33morg.hibernate.annotations.common.reflection.java.JavaReflectionManager[0;39m : HCANN000001: Hibernate Commons Annotations {5.1.2.Final}
[30m2021-07-27 08:56:40,419[0;39m [34m[0;39m[32m INFO [ebanking-userservice,,][0;39m [[34mmain[0;39m] [33mcom.zaxxer.hikari.HikariDataSource[0;39m : HikariPool-1 - Starting...
[30m2021-07-27 08:56:41,523[0;39m [31m[0;39m[33m WARN [ebanking-userservice,,][0;39m [[34mmain[0;39m] [33mcom.microsoft.sqlserver.jdbc.TDSChannel[0;39m : TLSv1 was negotiated. Please update server and client to use TLSv1.2 at minimum.
[30m2021-07-27 08:56:41,877[0;39m [34m[0;39m[32m INFO [ebanking-userservice,,][0;39m [[34mmain[0;39m] [33mcom.zaxxer.hikari.HikariDataSource[0;39m : HikariPool-1 - Start completed.
[30m2021-07-27 08:56:41,898[0;39m [34m[0;39m[32m INFO [ebanking-userservice,,][0;39m [[34mmain[0;39m] [33morg.hibernate.dialect.Dialect[0;39m : HHH000400: Using dialect: org.hibernate.dialect.SQLServer2012Dialect
[30m2021-07-27 08:56:42,565[0;39m [31m[0;39m[33m WARN [ebanking-userservice,,][0;39m [[34mHikariPool-1 connection adder[0;39m] [33mcom.microsoft.sqlserver.jdbc.TDSChannel[0;39m : TLSv1 was negotiated. Please update server and client to use TLSv1.2 at minimum.
[30m2021-07-27 08:56:42,589[0;39m [34m[0;39m[32m INFO [ebanking-userservice,,][0;39m [[34mmain[0;39m] [33morg.hibernate.envers.boot.internal.EnversServiceImpl[0;39m : Envers integration enabled? : true
[30m2021-07-27 08:56:43,262[0;39m [31m[0;39m[33m WARN [ebanking-userservice,,][0;39m [[34mHikariPool-1 connection adder[0;39m] [33mcom.microsoft.sqlserver.jdbc.TDSChannel[0;39m : TLSv1 was negotiated. Please update server and client to use TLSv1.2 at minimum.
[30m2021-07-27 08:56:43,886[0;39m [31m[0;39m[33m WARN [ebanking-userservice,,][0;39m [[34mHikariPool-1 connection adder[0;39m] [33mcom.microsoft.sqlserver.jdbc.TDSChannel[0;39m : TLSv1 was negotiated. Please update server and client to use TLSv1.2 at minimum.
[30m2021-07-27 08:56:44,575[0;39m [31m[0;39m[33m WARN [ebanking-userservice,,][0;39m [[34mHikariPool-1 connection adder[0;39m] [33mcom.microsoft.sqlserver.jdbc.TDSChannel[0;39m : TLSv1 was negotiated. Please update server and client to use TLSv1.2 at minimum.
[30m2021-07-27 08:56:45,178[0;39m [31m[0;39m[33m WARN [ebanking-userservice,,][0;39m [[34mHikariPool-1 connection adder[0;39m] [33mcom.microsoft.sqlserver.jdbc.TDSChannel[0;39m : TLSv1 was negotiated. Please update server and client to use TLSv1.2 at minimum.
[30m2021-07-27 08:56:45,878[0;39m [31m[0;39m[33m WARN [ebanking-userservice,,][0;39m [[34mHikariPool-1 connection adder[0;39m] [33mcom.microsoft.sqlserver.jdbc.TDSChannel[0;39m : TLSv1 was negotiated. Please update server and client to use TLSv1.2 at minimum.
[30m2021-07-27 08:56:46,482[0;39m [31m[0;39m[33m WARN [ebanking-userservice,,][0;39m [[34mHikariPool-1 connection adder[0;39m] [33mcom.microsoft.sqlserver.jdbc.TDSChannel[0;39m : TLSv1 was negotiated. Please update server and client to use TLSv1.2 at minimum.
[30m2021-07-27 08:56:47,080[0;39m [31m[0;39m[33m WARN [ebanking-userservice,,][0;39m [[34mHikariPool-1 connection adder[0;39m] [33mcom.microsoft.sqlserver.jdbc.TDSChannel[0;39m : TLSv1 was negotiated. Please update server and client to use TLSv1.2 at minimum.
[30m2021-07-27 08:56:47,788[0;39m [31m[0;39m[33m WARN [ebanking-userservice,,][0;39m [[34mHikariPool-1 connection adder[0;39m] [33mcom.microsoft.sqlserver.jdbc.TDSChannel[0;39m : TLSv1 was negotiated. Please update server and client to use TLSv1.2 at minimum.
[30m2021-07-27 08:56:48,228[0;39m [34m[0;39m[32m INFO [ebanking-userservice,,][0;39m [[34mmain[0;39m] [33morg.hibernate.engine.transaction.jta.platform.internal.JtaPlatformInitiator[0;39m : HHH000490: Using JtaPlatform implementation: [org.hibernate.engine.transaction.jta.platform.internal.NoJtaPlatform]
[30m2021-07-27 08:56:48,236[0;39m [34m[0;39m[32m INFO [ebanking-userservice,,][0;39m [[34mmain[0;39m] [33morg.springframework.orm.jpa.AbstractEntityManagerFactoryBean[0;39m : Initialized JPA EntityManagerFactory for persistence unit 'default'
[30m2021-07-27 08:56:48,916[0;39m [31m[0;39m[33m WARN [ebanking-userservice,,][0;39m [[34mmain[0;39m] [33morg.springframework.boot.autoconfigure.orm.jpa.JpaBaseConfiguration$JpaWebConfiguration[0;39m : spring.jpa.open-in-view is enabled by default. Therefore, database queries may be performed during view rendering. Explicitly configure spring.jpa.open-in-view to disable this warning
[30m2021-07-27 08:56:49,562[0;39m [34m[0;39m[32m INFO [ebanking-userservice,,][0;39m [[34mmain[0;39m] [33mma.tna.ebanking.userservice.config.SwaggerConfig[0;39m : ma.tna.ebanking.userservice
[30m2021-07-27 08:56:49,842[0;39m [34m[0;39m[32m INFO [ebanking-userservice,,][0;39m [[34mmain[0;39m] [33morg.springframework.boot.actuate.endpoint.web.EndpointLinksResolver[0;39m : Exposing 18 endpoint(s) beneath base path '/actuator'
[30m2021-07-27 08:56:53,766[0;39m [34m[0;39m[32m INFO [ebanking-userservice,,][0;39m [[34mmain[0;39m] [33morg.springframework.cloud.netflix.eureka.config.DiscoveryClientOptionalArgsConfiguration[0;39m : Eureka HTTP Client uses RestTemplate.
[30m2021-07-27 08:56:54,002[0;39m [31m[0;39m[33m WARN [ebanking-userservice,,][0;39m [[34mmain[0;39m] [33morg.springframework.cloud.loadbalancer.config.LoadBalancerCacheAutoConfiguration$LoadBalancerCaffeineWarnLogger[0;39m : Spring Cloud LoadBalancer is currently working with the default cache. You can switch to using Caffeine cache, by adding it and org.springframework.cache.caffeine.CaffeineCacheManager to the classpath.
[30m2021-07-27 08:56:54,232[0;39m [34m[0;39m[32m INFO [ebanking-userservice,,][0;39m [[34mmain[0;39m] [33morg.springframework.cloud.netflix.eureka.InstanceInfoFactory[0;39m : Setting initial instance status as: STARTING
[30m2021-07-27 08:56:54,268[0;39m [34m[0;39m[32m INFO [ebanking-userservice,,][0;39m [[34mmain[0;39m] [33mcom.netflix.discovery.DiscoveryClient[0;39m : Initializing Eureka in region us-east-1
[30m2021-07-27 08:56:54,268[0;39m [34m[0;39m[32m INFO [ebanking-userservice,,][0;39m [[34mmain[0;39m] [33mcom.netflix.discovery.DiscoveryClient[0;39m : Client configured to neither register nor query for data.
[30m2021-07-27 08:56:54,276[0;39m [34m[0;39m[32m INFO [ebanking-userservice,,][0;39m [[34mmain[0;39m] [33mcom.netflix.discovery.DiscoveryClient[0;39m : Discovery Client initialized at timestamp 1627372614275 with initial instances count: 0
[30m2021-07-27 08:56:54,289[0;39m [34m[0;39m[32m INFO [ebanking-userservice,,][0;39m [[34mmain[0;39m] [33morg.springframework.cloud.netflix.eureka.serviceregistry.EurekaServiceRegistry[0;39m : Registering application EBANKING-USERSERVICE with eureka with status UP
[30m2021-07-27 08:56:55,477[0;39m [34m[0;39m[32m INFO [ebanking-userservice,,][0;39m [[34mmain[0;39m] [33morg.springframework.boot.web.embedded.tomcat.TomcatWebServer[0;39m : Tomcat started on port(s): 8283 (http) with context path ''
[30m2021-07-27 08:56:55,478[0;39m [34m[0;39m[32m INFO [ebanking-userservice,,][0;39m [[34mmain[0;39m] [33morg.springframework.cloud.netflix.eureka.serviceregistry.EurekaAutoServiceRegistration[0;39m : Updating port to 8283
[30m2021-07-27 08:57:01,066[0;39m [34m[0;39m[32m INFO [ebanking-userservice,,][0;39m [[34mmain[0;39m] [33morg.springframework.boot.StartupInfoLogger[0;39m : Started UserserviceApplication in 42.431 seconds (JVM running for 44.952)
[30m2021-07-27 09:03:46,837[0;39m [34m[0;39m[32m INFO [ebanking-userservice,,][0;39m [[34mhttp-nio-8283-exec-1[0;39m] [33morg.apache.juli.logging.DirectJDKLog[0;39m : Initializing Spring DispatcherServlet 'dispatcherServlet'
[30m2021-07-27 09:03:46,838[0;39m [34m[0;39m[32m INFO [ebanking-userservice,,][0;39m [[34mhttp-nio-8283-exec-1[0;39m] [33morg.springframework.web.servlet.FrameworkServlet[0;39m : Initializing Servlet 'dispatcherServlet'
[30m2021-07-27 09:03:46,878[0;39m [34m[0;39m[32m INFO [ebanking-userservice,,][0;39m [[34mhttp-nio-8283-exec-1[0;39m] [33morg.springframework.web.servlet.FrameworkServlet[0;39m : Completed initialization in 39 ms
[30m2021-07-27 09:03:47,112[0;39m [1;31m[0;39m[31mERROR [ebanking-userservice,,][0;39m [[34mhttp-nio-8283-exec-1[0;39m] [33morg.apache.juli.logging.DirectJDKLog[0;39m : Servlet.service() for servlet [dispatcherServlet] in context with path [] threw exception [Request processing failed; nested exception is java.lang.NullPointerException] with root cause
java.lang.NullPointerException: null
	at ma.tna.ebanking.userservice.controllers.CustomerController.validateCustomerWithDevice(CustomerController.java:234)
	at java.base/jdk.internal.reflect.NativeMethodAccessorImpl.invoke0(Native Method)
	at java.base/jdk.internal.reflect.NativeMethodAccessorImpl.invoke(NativeMethodAccessorImpl.java:62)
	at java.base/jdk.internal.reflect.DelegatingMethodAccessorImpl.invoke(DelegatingMethodAccessorImpl.java:43)
	at java.base/java.lang.reflect.Method.invoke(Method.java:567)
	at org.springframework.web.method.support.InvocableHandlerMethod.doInvoke(InvocableHandlerMethod.java:197)
	at org.springframework.web.method.support.InvocableHandlerMethod.invokeForRequest(InvocableHandlerMethod.java:141)
	at org.springframework.web.servlet.mvc.method.annotation.ServletInvocableHandlerMethod.invokeAndHandle(ServletInvocableHandlerMethod.java:106)
	at org.springframework.web.servlet.mvc.method.annotation.RequestMappingHandlerAdapter.invokeHandlerMethod(RequestMappingHandlerAdapter.java:894)
	at org.springframework.web.servlet.mvc.method.annotation.RequestMappingHandlerAdapter.handleInternal(RequestMappingHandlerAdapter.java:808)
	at org.springframework.web.servlet.mvc.method.AbstractHandlerMethodAdapter.handle(AbstractHandlerMethodAdapter.java:87)
	at org.springframework.web.servlet.DispatcherServlet.doDispatch(DispatcherServlet.java:1060)
	at org.springframework.web.servlet.DispatcherServlet.doService(DispatcherServlet.java:962)
	at org.springframework.web.servlet.FrameworkServlet.processRequest(FrameworkServlet.java:1006)
	at org.springframework.web.servlet.FrameworkServlet.doPost(FrameworkServlet.java:909)
	at javax.servlet.http.HttpServlet.service(HttpServlet.java:652)
	at org.springframework.web.servlet.FrameworkServlet.service(FrameworkServlet.java:883)
	at javax.servlet.http.HttpServlet.service(HttpServlet.java:733)
	at org.apache.catalina.core.ApplicationFilterChain.internalDoFilter(ApplicationFilterChain.java:231)
	at org.apache.catalina.core.ApplicationFilterChain.doFilter(ApplicationFilterChain.java:166)
	at org.apache.tomcat.websocket.server.WsFilter.doFilter(WsFilter.java:53)
	at org.apache.catalina.core.ApplicationFilterChain.internalDoFilter(ApplicationFilterChain.java:193)
	at org.apache.catalina.core.ApplicationFilterChain.doFilter(ApplicationFilterChain.java:166)
	at org.springframework.cloud.sleuth.instrument.web.servlet.TracingFilter.doFilter(TracingFilter.java:68)
	at org.apache.catalina.core.ApplicationFilterChain.internalDoFilter(ApplicationFilterChain.java:193)
	at org.apache.catalina.core.ApplicationFilterChain.doFilter(ApplicationFilterChain.java:166)
	at org.springframework.cloud.sleuth.instrument.web.servlet.TracingFilter.doFilter(TracingFilter.java:89)
	at org.springframework.cloud.sleuth.autoconfig.instrument.web.LazyTracingFilter.doFilter(TraceWebServletConfiguration.java:121)
	at org.apache.catalina.core.ApplicationFilterChain.internalDoFilter(ApplicationFilterChain.java:193)
	at org.apache.catalina.core.ApplicationFilterChain.doFilter(ApplicationFilterChain.java:166)
	at org.springframework.boot.actuate.metrics.web.servlet.WebMvcMetricsFilter.doFilterInternal(WebMvcMetricsFilter.java:93)
	at org.springframework.web.filter.OncePerRequestFilter.doFilter(OncePerRequestFilter.java:119)
	at org.apache.catalina.core.ApplicationFilterChain.internalDoFilter(ApplicationFilterChain.java:193)
	at org.apache.catalina.core.ApplicationFilterChain.doFilter(ApplicationFilterChain.java:166)
	at org.springframework.web.filter.CharacterEncodingFilter.doFilterInternal(CharacterEncodingFilter.java:201)
	at org.springframework.web.filter.OncePerRequestFilter.doFilter(OncePerRequestFilter.java:119)
	at org.apache.catalina.core.ApplicationFilterChain.internalDoFilter(ApplicationFilterChain.java:193)
	at org.apache.catalina.core.ApplicationFilterChain.doFilter(ApplicationFilterChain.java:166)
	at org.apache.catalina.core.StandardWrapperValve.invoke(StandardWrapperValve.java:202)
	at org.apache.catalina.core.StandardContextValve.invoke(StandardContextValve.java:97)
	at org.apache.catalina.authenticator.AuthenticatorBase.invoke(AuthenticatorBase.java:542)
	at org.apache.catalina.core.StandardHostValve.invoke(StandardHostValve.java:143)
	at org.apache.catalina.valves.ErrorReportValve.invoke(ErrorReportValve.java:92)
	at org.apache.catalina.core.StandardEngineValve.invoke(StandardEngineValve.java:78)
	at org.apache.catalina.connector.CoyoteAdapter.service(CoyoteAdapter.java:343)
	at org.apache.coyote.http11.Http11Processor.service(Http11Processor.java:374)
	at org.apache.coyote.AbstractProcessorLight.process(AbstractProcessorLight.java:65)
	at org.apache.coyote.AbstractProtocol$ConnectionHandler.process(AbstractProtocol.java:888)
	at org.apache.tomcat.util.net.NioEndpoint$SocketProcessor.doRun(NioEndpoint.java:1597)
	at org.apache.tomcat.util.net.SocketProcessorBase.run(SocketProcessorBase.java:49)
	at java.base/java.util.concurrent.ThreadPoolExecutor.runWorker(ThreadPoolExecutor.java:1128)
	at java.base/java.util.concurrent.ThreadPoolExecutor$Worker.run(ThreadPoolExecutor.java:628)
	at org.apache.tomcat.util.threads.TaskThread$WrappingRunnable.run(TaskThread.java:61)
	at java.base/java.lang.Thread.run(Thread.java:830)
[30m2021-07-27 09:06:12,284[0;39m [34m[0;39m[32m INFO [ebanking-userservice,,][0;39m [[34mmain[0;39m] [33morg.springframework.boot.StartupInfoLogger[0;39m : Starting UserserviceApplication using Java 13.0.2 on DESKTOP-2GMD346 with PID 14748 (C:\Users\abder\Desktop\ProjetStage\userservice\target\classes started by abderrahim in C:\Users\abder\Desktop\ProjetStage\userservice)
[30m2021-07-27 09:06:12,286[0;39m [34m[0;39m[32m INFO [ebanking-userservice,,][0;39m [[34mmain[0;39m] [33morg.springframework.boot.SpringApplication[0;39m : No active profile set, falling back to default profiles: default
[30m2021-07-27 09:06:13,276[0;39m [34m[0;39m[32m INFO [ebanking-userservice,,][0;39m [[34mmain[0;39m] [33morg.springframework.data.repository.config.RepositoryConfigurationDelegate[0;39m : Bootstrapping Spring Data JPA repositories in DEFAULT mode.
[30m2021-07-27 09:06:13,337[0;39m [34m[0;39m[32m INFO [ebanking-userservice,,][0;39m [[34mmain[0;39m] [33morg.springframework.data.repository.config.RepositoryConfigurationDelegate[0;39m : Finished Spring Data repository scanning in 54 ms. Found 3 JPA repository interfaces.
[30m2021-07-27 09:06:13,750[0;39m [31m[0;39m[33m WARN [ebanking-userservice,,][0;39m [[34mmain[0;39m] [33morg.springframework.boot.actuate.endpoint.EndpointId[0;39m : Endpoint ID 'hystrix.stream' contains invalid characters, please migrate to a valid format.
[30m2021-07-27 09:06:13,902[0;39m [34m[0;39m[32m INFO [ebanking-userservice,,][0;39m [[34mmain[0;39m] [33morg.springframework.cloud.context.scope.GenericScope[0;39m : BeanFactory id=7990006b-6106-33de-8613-10ea57aa2361
[30m2021-07-27 09:06:14,183[0;39m [34m[0;39m[32m INFO [ebanking-userservice,,][0;39m [[34mmain[0;39m] [33morg.springframework.context.support.PostProcessorRegistrationDelegate$BeanPostProcessorChecker[0;39m : Bean 'org.springframework.hateoas.config.HateoasConfiguration' of type [org.springframework.hateoas.config.HateoasConfiguration] is not eligible for getting processed by all BeanPostProcessors (for example: not eligible for auto-proxying)
[30m2021-07-27 09:06:14,191[0;39m [34m[0;39m[32m INFO [ebanking-userservice,,][0;39m [[34mmain[0;39m] [33morg.springframework.context.support.PostProcessorRegistrationDelegate$BeanPostProcessorChecker[0;39m : Bean 'relProviderPluginRegistry' of type [org.springframework.plugin.core.support.PluginRegistryFactoryBean] is not eligible for getting processed by all BeanPostProcessors (for example: not eligible for auto-proxying)
[30m2021-07-27 09:06:14,199[0;39m [34m[0;39m[32m INFO [ebanking-userservice,,][0;39m [[34mmain[0;39m] [33morg.springframework.context.support.PostProcessorRegistrationDelegate$BeanPostProcessorChecker[0;39m : Bean 'relProviderPluginRegistry' of type [org.springframework.plugin.core.OrderAwarePluginRegistry] is not eligible for getting processed by all BeanPostProcessors (for example: not eligible for auto-proxying)
[30m2021-07-27 09:06:14,209[0;39m [34m[0;39m[32m INFO [ebanking-userservice,,][0;39m [[34mmain[0;39m] [33morg.springframework.context.support.PostProcessorRegistrationDelegate$BeanPostProcessorChecker[0;39m : Bean '_relProvider' of type [org.springframework.hateoas.server.core.DelegatingLinkRelationProvider] is not eligible for getting processed by all BeanPostProcessors (for example: not eligible for auto-proxying)
[30m2021-07-27 09:06:14,216[0;39m [34m[0;39m[32m INFO [ebanking-userservice,,][0;39m [[34mmain[0;39m] [33morg.springframework.context.support.PostProcessorRegistrationDelegate$BeanPostProcessorChecker[0;39m : Bean 'messageResolver' of type [org.springframework.hateoas.mediatype.MessageSourceResolver] is not eligible for getting processed by all BeanPostProcessors (for example: not eligible for auto-proxying)
[30m2021-07-27 09:06:14,219[0;39m [34m[0;39m[32m INFO [ebanking-userservice,,][0;39m [[34mmain[0;39m] [33morg.springframework.context.support.PostProcessorRegistrationDelegate$BeanPostProcessorChecker[0;39m : Bean 'org.springframework.data.web.config.SpringDataJacksonConfiguration' of type [org.springframework.data.web.config.SpringDataJacksonConfiguration] is not eligible for getting processed by all BeanPostProcessors (for example: not eligible for auto-proxying)
[30m2021-07-27 09:06:14,224[0;39m [34m[0;39m[32m INFO [ebanking-userservice,,][0;39m [[34mmain[0;39m] [33morg.springframework.context.support.PostProcessorRegistrationDelegate$BeanPostProcessorChecker[0;39m : Bean 'jacksonGeoModule' of type [org.springframework.data.geo.GeoModule] is not eligible for getting processed by all BeanPostProcessors (for example: not eligible for auto-proxying)
[30m2021-07-27 09:06:14,236[0;39m [34m[0;39m[32m INFO [ebanking-userservice,,][0;39m [[34mmain[0;39m] [33morg.springframework.context.support.PostProcessorRegistrationDelegate$BeanPostProcessorChecker[0;39m : Bean 'org.springframework.boot.autoconfigure.data.rest.RepositoryRestMvcAutoConfiguration' of type [org.springframework.boot.autoconfigure.data.rest.RepositoryRestMvcAutoConfiguration] is not eligible for getting processed by all BeanPostProcessors (for example: not eligible for auto-proxying)
[30m2021-07-27 09:06:14,244[0;39m [34m[0;39m[32m INFO [ebanking-userservice,,][0;39m [[34mmain[0;39m] [33morg.springframework.context.support.PostProcessorRegistrationDelegate$BeanPostProcessorChecker[0;39m : Bean 'org.springframework.boot.autoconfigure.jackson.JacksonAutoConfiguration$JacksonObjectMapperBuilderConfiguration' of type [org.springframework.boot.autoconfigure.jackson.JacksonAutoConfiguration$JacksonObjectMapperBuilderConfiguration] is not eligible for getting processed by all BeanPostProcessors (for example: not eligible for auto-proxying)
[30m2021-07-27 09:06:14,247[0;39m [34m[0;39m[32m INFO [ebanking-userservice,,][0;39m [[34mmain[0;39m] [33morg.springframework.context.support.PostProcessorRegistrationDelegate$BeanPostProcessorChecker[0;39m : Bean 'org.springframework.boot.autoconfigure.jackson.JacksonAutoConfiguration$Jackson2ObjectMapperBuilderCustomizerConfiguration' of type [org.springframework.boot.autoconfigure.jackson.JacksonAutoConfiguration$Jackson2ObjectMapperBuilderCustomizerConfiguration] is not eligible for getting processed by all BeanPostProcessors (for example: not eligible for auto-proxying)
[30m2021-07-27 09:06:14,259[0;39m [34m[0;39m[32m INFO [ebanking-userservice,,][0;39m [[34mmain[0;39m] [33morg.springframework.context.support.PostProcessorRegistrationDelegate$BeanPostProcessorChecker[0;39m : Bean 'spring.jackson-org.springframework.boot.autoconfigure.jackson.JacksonProperties' of type [org.springframework.boot.autoconfigure.jackson.JacksonProperties] is not eligible for getting processed by all BeanPostProcessors (for example: not eligible for auto-proxying)
[30m2021-07-27 09:06:14,262[0;39m [34m[0;39m[32m INFO [ebanking-userservice,,][0;39m [[34mmain[0;39m] [33morg.springframework.context.support.PostProcessorRegistrationDelegate$BeanPostProcessorChecker[0;39m : Bean 'standardJacksonObjectMapperBuilderCustomizer' of type [org.springframework.boot.autoconfigure.jackson.JacksonAutoConfiguration$Jackson2ObjectMapperBuilderCustomizerConfiguration$StandardJackson2ObjectMapperBuilderCustomizer] is not eligible for getting processed by all BeanPostProcessors (for example: not eligible for auto-proxying)
[30m2021-07-27 09:06:14,265[0;39m [34m[0;39m[32m INFO [ebanking-userservice,,][0;39m [[34mmain[0;39m] [33morg.springframework.context.support.PostProcessorRegistrationDelegate$BeanPostProcessorChecker[0;39m : Bean 'org.springframework.boot.autoconfigure.jackson.JacksonAutoConfiguration$ParameterNamesModuleConfiguration' of type [org.springframework.boot.autoconfigure.jackson.JacksonAutoConfiguration$ParameterNamesModuleConfiguration] is not eligible for getting processed by all BeanPostProcessors (for example: not eligible for auto-proxying)
[30m2021-07-27 09:06:14,267[0;39m [34m[0;39m[32m INFO [ebanking-userservice,,][0;39m [[34mmain[0;39m] [33morg.springframework.context.support.PostProcessorRegistrationDelegate$BeanPostProcessorChecker[0;39m : Bean 'parameterNamesModule' of type [com.fasterxml.jackson.module.paramnames.ParameterNamesModule] is not eligible for getting processed by all BeanPostProcessors (for example: not eligible for auto-proxying)
[30m2021-07-27 09:06:14,269[0;39m [34m[0;39m[32m INFO [ebanking-userservice,,][0;39m [[34mmain[0;39m] [33morg.springframework.context.support.PostProcessorRegistrationDelegate$BeanPostProcessorChecker[0;39m : Bean 'org.springframework.boot.autoconfigure.jackson.JacksonAutoConfiguration' of type [org.springframework.boot.autoconfigure.jackson.JacksonAutoConfiguration] is not eligible for getting processed by all BeanPostProcessors (for example: not eligible for auto-proxying)
[30m2021-07-27 09:06:14,277[0;39m [34m[0;39m[32m INFO [ebanking-userservice,,][0;39m [[34mmain[0;39m] [33morg.springframework.context.support.PostProcessorRegistrationDelegate$BeanPostProcessorChecker[0;39m : Bean 'jsonComponentModule' of type [org.springframework.boot.jackson.JsonComponentModule] is not eligible for getting processed by all BeanPostProcessors (for example: not eligible for auto-proxying)
[30m2021-07-27 09:06:14,281[0;39m [34m[0;39m[32m INFO [ebanking-userservice,,][0;39m [[34mmain[0;39m] [33morg.springframework.context.support.PostProcessorRegistrationDelegate$BeanPostProcessorChecker[0;39m : Bean 'jacksonObjectMapperBuilder' of type [org.springframework.http.converter.json.Jackson2ObjectMapperBuilder] is not eligible for getting processed by all BeanPostProcessors (for example: not eligible for auto-proxying)
[30m2021-07-27 09:06:14,290[0;39m [34m[0;39m[32m INFO [ebanking-userservice,,][0;39m [[34mmain[0;39m] [33morg.springframework.context.support.PostProcessorRegistrationDelegate$BeanPostProcessorChecker[0;39m : Bean 'spring.data.rest-org.springframework.boot.autoconfigure.data.rest.RepositoryRestProperties' of type [org.springframework.boot.autoconfigure.data.rest.RepositoryRestProperties] is not eligible for getting processed by all BeanPostProcessors (for example: not eligible for auto-proxying)
[30m2021-07-27 09:06:14,293[0;39m [34m[0;39m[32m INFO [ebanking-userservice,,][0;39m [[34mmain[0;39m] [33morg.springframework.context.support.PostProcessorRegistrationDelegate$BeanPostProcessorChecker[0;39m : Bean 'springBootRepositoryRestConfigurer' of type [org.springframework.boot.autoconfigure.data.rest.SpringBootRepositoryRestConfigurer] is not eligible for getting processed by all BeanPostProcessors (for example: not eligible for auto-proxying)
[30m2021-07-27 09:06:14,296[0;39m [34m[0;39m[32m INFO [ebanking-userservice,,][0;39m [[34mmain[0;39m] [33morg.springframework.context.support.PostProcessorRegistrationDelegate$BeanPostProcessorChecker[0;39m : Bean 'configurerDelegate' of type [org.springframework.data.rest.webmvc.config.RepositoryRestConfigurerDelegate] is not eligible for getting processed by all BeanPostProcessors (for example: not eligible for auto-proxying)
[30m2021-07-27 09:06:14,300[0;39m [34m[0;39m[32m INFO [ebanking-userservice,,][0;39m [[34mmain[0;39m] [33morg.springframework.context.support.PostProcessorRegistrationDelegate$BeanPostProcessorChecker[0;39m : Bean 'org.springframework.boot.autoconfigure.http.HttpMessageConvertersAutoConfiguration$StringHttpMessageConverterConfiguration' of type [org.springframework.boot.autoconfigure.http.HttpMessageConvertersAutoConfiguration$StringHttpMessageConverterConfiguration] is not eligible for getting processed by all BeanPostProcessors (for example: not eligible for auto-proxying)
[30m2021-07-27 09:06:14,307[0;39m [34m[0;39m[32m INFO [ebanking-userservice,,][0;39m [[34mmain[0;39m] [33morg.springframework.context.support.PostProcessorRegistrationDelegate$BeanPostProcessorChecker[0;39m : Bean 'stringHttpMessageConverter' of type [org.springframework.http.converter.StringHttpMessageConverter] is not eligible for getting processed by all BeanPostProcessors (for example: not eligible for auto-proxying)
[30m2021-07-27 09:06:14,310[0;39m [34m[0;39m[32m INFO [ebanking-userservice,,][0;39m [[34mmain[0;39m] [33morg.springframework.context.support.PostProcessorRegistrationDelegate$BeanPostProcessorChecker[0;39m : Bean 'org.springframework.boot.autoconfigure.http.JacksonHttpMessageConvertersConfiguration$MappingJackson2HttpMessageConverterConfiguration' of type [org.springframework.boot.autoconfigure.http.JacksonHttpMessageConvertersConfiguration$MappingJackson2HttpMessageConverterConfiguration] is not eligible for getting processed by all BeanPostProcessors (for example: not eligible for auto-proxying)
[30m2021-07-27 09:06:14,312[0;39m [34m[0;39m[32m INFO [ebanking-userservice,,][0;39m [[34mmain[0;39m] [33morg.springframework.context.support.PostProcessorRegistrationDelegate$BeanPostProcessorChecker[0;39m : Bean 'org.springframework.boot.autoconfigure.jackson.JacksonAutoConfiguration$JacksonObjectMapperConfiguration' of type [org.springframework.boot.autoconfigure.jackson.JacksonAutoConfiguration$JacksonObjectMapperConfiguration] is not eligible for getting processed by all BeanPostProcessors (for example: not eligible for auto-proxying)
[30m2021-07-27 09:06:14,317[0;39m [34m[0;39m[32m INFO [ebanking-userservice,,][0;39m [[34mmain[0;39m] [33morg.springframework.context.support.PostProcessorRegistrationDelegate$BeanPostProcessorChecker[0;39m : Bean 'jacksonObjectMapperBuilder' of type [org.springframework.http.converter.json.Jackson2ObjectMapperBuilder] is not eligible for getting processed by all BeanPostProcessors (for example: not eligible for auto-proxying)
[30m2021-07-27 09:06:14,328[0;39m [34m[0;39m[32m INFO [ebanking-userservice,,][0;39m [[34mmain[0;39m] [33morg.springframework.context.support.PostProcessorRegistrationDelegate$BeanPostProcessorChecker[0;39m : Bean 'jacksonObjectMapper' of type [com.fasterxml.jackson.databind.ObjectMapper] is not eligible for getting processed by all BeanPostProcessors (for example: not eligible for auto-proxying)
[30m2021-07-27 09:06:14,351[0;39m [34m[0;39m[32m INFO [ebanking-userservice,,][0;39m [[34mmain[0;39m] [33morg.springframework.context.support.PostProcessorRegistrationDelegate$BeanPostProcessorChecker[0;39m : Bean 'mappingJackson2HttpMessageConverter' of type [org.springframework.http.converter.json.MappingJackson2HttpMessageConverter] is not eligible for getting processed by all BeanPostProcessors (for example: not eligible for auto-proxying)
[30m2021-07-27 09:06:14,356[0;39m [34m[0;39m[32m INFO [ebanking-userservice,,][0;39m [[34mmain[0;39m] [33morg.springframework.context.support.PostProcessorRegistrationDelegate$BeanPostProcessorChecker[0;39m : Bean 'org.springframework.data.rest.webmvc.config.RepositoryRestMvcConfiguration' of type [org.springframework.data.rest.webmvc.config.RepositoryRestMvcConfiguration] is not eligible for getting processed by all BeanPostProcessors (for example: not eligible for auto-proxying)
[30m2021-07-27 09:06:14,372[0;39m [34m[0;39m[32m INFO [ebanking-userservice,,][0;39m [[34mmain[0;39m] [33morg.springframework.context.support.PostProcessorRegistrationDelegate$BeanPostProcessorChecker[0;39m : Bean 'org.springframework.cloud.client.loadbalancer.reactive.LoadBalancerBeanPostProcessorAutoConfiguration' of type [org.springframework.cloud.client.loadbalancer.reactive.LoadBalancerBeanPostProcessorAutoConfiguration] is not eligible for getting processed by all BeanPostProcessors (for example: not eligible for auto-proxying)
[30m2021-07-27 09:06:14,375[0;39m [34m[0;39m[32m INFO [ebanking-userservice,,][0;39m [[34mmain[0;39m] [33morg.springframework.context.support.PostProcessorRegistrationDelegate$BeanPostProcessorChecker[0;39m : Bean 'org.springframework.cloud.client.loadbalancer.reactive.LoadBalancerBeanPostProcessorAutoConfiguration$ReactorDeferringLoadBalancerFilterConfig' of type [org.springframework.cloud.client.loadbalancer.reactive.LoadBalancerBeanPostProcessorAutoConfiguration$ReactorDeferringLoadBalancerFilterConfig] is not eligible for getting processed by all BeanPostProcessors (for example: not eligible for auto-proxying)
[30m2021-07-27 09:06:14,376[0;39m [34m[0;39m[32m INFO [ebanking-userservice,,][0;39m [[34mmain[0;39m] [33morg.springframework.context.support.PostProcessorRegistrationDelegate$BeanPostProcessorChecker[0;39m : Bean 'reactorDeferringLoadBalancerExchangeFilterFunction' of type [org.springframework.cloud.client.loadbalancer.reactive.DeferringLoadBalancerExchangeFilterFunction] is not eligible for getting processed by all BeanPostProcessors (for example: not eligible for auto-proxying)
[30m2021-07-27 09:06:14,714[0;39m [34m[0;39m[32m INFO [ebanking-userservice,,][0;39m [[34mmain[0;39m] [33morg.springframework.boot.web.embedded.tomcat.TomcatWebServer[0;39m : Tomcat initialized with port(s): 8283 (http)
[30m2021-07-27 09:06:14,722[0;39m [34m[0;39m[32m INFO [ebanking-userservice,,][0;39m [[34mmain[0;39m] [33morg.apache.juli.logging.DirectJDKLog[0;39m : Starting service [Tomcat]
[30m2021-07-27 09:06:14,722[0;39m [34m[0;39m[32m INFO [ebanking-userservice,,][0;39m [[34mmain[0;39m] [33morg.apache.juli.logging.DirectJDKLog[0;39m : Starting Servlet engine: [Apache Tomcat/9.0.41]
[30m2021-07-27 09:06:14,867[0;39m [34m[0;39m[32m INFO [ebanking-userservice,,][0;39m [[34mmain[0;39m] [33morg.apache.juli.logging.DirectJDKLog[0;39m : Initializing Spring embedded WebApplicationContext
[30m2021-07-27 09:06:14,867[0;39m [34m[0;39m[32m INFO [ebanking-userservice,,][0;39m [[34mmain[0;39m] [33morg.springframework.boot.web.servlet.context.ServletWebServerApplicationContext[0;39m : Root WebApplicationContext: initialization completed in 2532 ms
[30m2021-07-27 09:06:15,045[0;39m [31m[0;39m[33m WARN [ebanking-userservice,,][0;39m [[34mmain[0;39m] [33mcom.netflix.config.sources.URLConfigurationSource[0;39m : No URLs will be polled as dynamic configuration sources.
[30m2021-07-27 09:06:15,046[0;39m [34m[0;39m[32m INFO [ebanking-userservice,,][0;39m [[34mmain[0;39m] [33mcom.netflix.config.sources.URLConfigurationSource[0;39m : To enable URLs as dynamic configuration sources, define System property archaius.configurationSource.additionalUrls or make config.properties available on classpath.
[30m2021-07-27 09:06:15,050[0;39m [34m[0;39m[32m INFO [ebanking-userservice,,][0;39m [[34mmain[0;39m] [33mcom.netflix.config.DynamicPropertyFactory[0;39m : DynamicPropertyFactory is initialized with configuration sources: com.netflix.config.ConcurrentCompositeConfiguration@5ee0cf64
[30m2021-07-27 09:06:22,109[0;39m [34m[0;39m[32m INFO [ebanking-userservice,,][0;39m [[34mmain[0;39m] [33morg.springframework.boot.actuate.endpoint.web.ServletEndpointRegistrar[0;39m : Registered '/actuator/hystrix.stream' to hystrix.stream-actuator-endpoint
[30m2021-07-27 09:06:22,211[0;39m [34m[0;39m[32m INFO [ebanking-userservice,,][0;39m [[34mmain[0;39m] [33morg.hibernate.jpa.internal.util.LogHelper[0;39m : HHH000204: Processing PersistenceUnitInfo [name: default]
[30m2021-07-27 09:06:22,271[0;39m [34m[0;39m[32m INFO [ebanking-userservice,,][0;39m [[34mmain[0;39m] [33morg.hibernate.Version[0;39m : HHH000412: Hibernate ORM core version 5.4.27.Final
[30m2021-07-27 09:06:22,388[0;39m [34m[0;39m[32m INFO [ebanking-userservice,,][0;39m [[34mmain[0;39m] [33morg.hibernate.annotations.common.reflection.java.JavaReflectionManager[0;39m : HCANN000001: Hibernate Commons Annotations {5.1.2.Final}
[30m2021-07-27 09:06:22,477[0;39m [34m[0;39m[32m INFO [ebanking-userservice,,][0;39m [[34mmain[0;39m] [33mcom.zaxxer.hikari.HikariDataSource[0;39m : HikariPool-1 - Starting...
[30m2021-07-27 09:06:23,479[0;39m [31m[0;39m[33m WARN [ebanking-userservice,,][0;39m [[34mmain[0;39m] [33mcom.microsoft.sqlserver.jdbc.TDSChannel[0;39m : TLSv1 was negotiated. Please update server and client to use TLSv1.2 at minimum.
[30m2021-07-27 09:06:23,759[0;39m [34m[0;39m[32m INFO [ebanking-userservice,,][0;39m [[34mmain[0;39m] [33mcom.zaxxer.hikari.HikariDataSource[0;39m : HikariPool-1 - Start completed.
[30m2021-07-27 09:06:23,782[0;39m [34m[0;39m[32m INFO [ebanking-userservice,,][0;39m [[34mmain[0;39m] [33morg.hibernate.dialect.Dialect[0;39m : HHH000400: Using dialect: org.hibernate.dialect.SQLServer2012Dialect
[30m2021-07-27 09:06:24,460[0;39m [31m[0;39m[33m WARN [ebanking-userservice,,][0;39m [[34mHikariPool-1 connection adder[0;39m] [33mcom.microsoft.sqlserver.jdbc.TDSChannel[0;39m : TLSv1 was negotiated. Please update server and client to use TLSv1.2 at minimum.
[30m2021-07-27 09:06:24,468[0;39m [34m[0;39m[32m INFO [ebanking-userservice,,][0;39m [[34mmain[0;39m] [33morg.hibernate.envers.boot.internal.EnversServiceImpl[0;39m : Envers integration enabled? : true
[30m2021-07-27 09:06:25,082[0;39m [31m[0;39m[33m WARN [ebanking-userservice,,][0;39m [[34mHikariPool-1 connection adder[0;39m] [33mcom.microsoft.sqlserver.jdbc.TDSChannel[0;39m : TLSv1 was negotiated. Please update server and client to use TLSv1.2 at minimum.
[30m2021-07-27 09:06:25,721[0;39m [31m[0;39m[33m WARN [ebanking-userservice,,][0;39m [[34mHikariPool-1 connection adder[0;39m] [33mcom.microsoft.sqlserver.jdbc.TDSChannel[0;39m : TLSv1 was negotiated. Please update server and client to use TLSv1.2 at minimum.
[30m2021-07-27 09:06:26,379[0;39m [31m[0;39m[33m WARN [ebanking-userservice,,][0;39m [[34mHikariPool-1 connection adder[0;39m] [33mcom.microsoft.sqlserver.jdbc.TDSChannel[0;39m : TLSv1 was negotiated. Please update server and client to use TLSv1.2 at minimum.
[30m2021-07-27 09:06:27,032[0;39m [31m[0;39m[33m WARN [ebanking-userservice,,][0;39m [[34mHikariPool-1 connection adder[0;39m] [33mcom.microsoft.sqlserver.jdbc.TDSChannel[0;39m : TLSv1 was negotiated. Please update server and client to use TLSv1.2 at minimum.
[30m2021-07-27 09:06:27,694[0;39m [31m[0;39m[33m WARN [ebanking-userservice,,][0;39m [[34mHikariPool-1 connection adder[0;39m] [33mcom.microsoft.sqlserver.jdbc.TDSChannel[0;39m : TLSv1 was negotiated. Please update server and client to use TLSv1.2 at minimum.
[30m2021-07-27 09:06:28,386[0;39m [31m[0;39m[33m WARN [ebanking-userservice,,][0;39m [[34mHikariPool-1 connection adder[0;39m] [33mcom.microsoft.sqlserver.jdbc.TDSChannel[0;39m : TLSv1 was negotiated. Please update server and client to use TLSv1.2 at minimum.
[30m2021-07-27 09:06:29,003[0;39m [31m[0;39m[33m WARN [ebanking-userservice,,][0;39m [[34mHikariPool-1 connection adder[0;39m] [33mcom.microsoft.sqlserver.jdbc.TDSChannel[0;39m : TLSv1 was negotiated. Please update server and client to use TLSv1.2 at minimum.
[30m2021-07-27 09:06:29,768[0;39m [31m[0;39m[33m WARN [ebanking-userservice,,][0;39m [[34mHikariPool-1 connection adder[0;39m] [33mcom.microsoft.sqlserver.jdbc.TDSChannel[0;39m : TLSv1 was negotiated. Please update server and client to use TLSv1.2 at minimum.
[30m2021-07-27 09:06:30,153[0;39m [34m[0;39m[32m INFO [ebanking-userservice,,][0;39m [[34mmain[0;39m] [33morg.hibernate.engine.transaction.jta.platform.internal.JtaPlatformInitiator[0;39m : HHH000490: Using JtaPlatform implementation: [org.hibernate.engine.transaction.jta.platform.internal.NoJtaPlatform]
[30m2021-07-27 09:06:30,160[0;39m [34m[0;39m[32m INFO [ebanking-userservice,,][0;39m [[34mmain[0;39m] [33morg.springframework.orm.jpa.AbstractEntityManagerFactoryBean[0;39m : Initialized JPA EntityManagerFactory for persistence unit 'default'
[30m2021-07-27 09:06:30,763[0;39m [31m[0;39m[33m WARN [ebanking-userservice,,][0;39m [[34mmain[0;39m] [33morg.springframework.boot.autoconfigure.orm.jpa.JpaBaseConfiguration$JpaWebConfiguration[0;39m : spring.jpa.open-in-view is enabled by default. Therefore, database queries may be performed during view rendering. Explicitly configure spring.jpa.open-in-view to disable this warning
[30m2021-07-27 09:06:31,338[0;39m [34m[0;39m[32m INFO [ebanking-userservice,,][0;39m [[34mmain[0;39m] [33mma.tna.ebanking.userservice.config.SwaggerConfig[0;39m : ma.tna.ebanking.userservice
[30m2021-07-27 09:06:31,603[0;39m [34m[0;39m[32m INFO [ebanking-userservice,,][0;39m [[34mmain[0;39m] [33morg.springframework.boot.actuate.endpoint.web.EndpointLinksResolver[0;39m : Exposing 18 endpoint(s) beneath base path '/actuator'
[30m2021-07-27 09:06:35,284[0;39m [34m[0;39m[32m INFO [ebanking-userservice,,][0;39m [[34mmain[0;39m] [33morg.springframework.cloud.netflix.eureka.config.DiscoveryClientOptionalArgsConfiguration[0;39m : Eureka HTTP Client uses RestTemplate.
[30m2021-07-27 09:06:35,484[0;39m [31m[0;39m[33m WARN [ebanking-userservice,,][0;39m [[34mmain[0;39m] [33morg.springframework.cloud.loadbalancer.config.LoadBalancerCacheAutoConfiguration$LoadBalancerCaffeineWarnLogger[0;39m : Spring Cloud LoadBalancer is currently working with the default cache. You can switch to using Caffeine cache, by adding it and org.springframework.cache.caffeine.CaffeineCacheManager to the classpath.
[30m2021-07-27 09:06:35,732[0;39m [34m[0;39m[32m INFO [ebanking-userservice,,][0;39m [[34mmain[0;39m] [33morg.springframework.cloud.netflix.eureka.InstanceInfoFactory[0;39m : Setting initial instance status as: STARTING
[30m2021-07-27 09:06:35,762[0;39m [34m[0;39m[32m INFO [ebanking-userservice,,][0;39m [[34mmain[0;39m] [33mcom.netflix.discovery.DiscoveryClient[0;39m : Initializing Eureka in region us-east-1
[30m2021-07-27 09:06:35,762[0;39m [34m[0;39m[32m INFO [ebanking-userservice,,][0;39m [[34mmain[0;39m] [33mcom.netflix.discovery.DiscoveryClient[0;39m : Client configured to neither register nor query for data.
[30m2021-07-27 09:06:35,770[0;39m [34m[0;39m[32m INFO [ebanking-userservice,,][0;39m [[34mmain[0;39m] [33mcom.netflix.discovery.DiscoveryClient[0;39m : Discovery Client initialized at timestamp 1627373195769 with initial instances count: 0
[30m2021-07-27 09:06:35,782[0;39m [34m[0;39m[32m INFO [ebanking-userservice,,][0;39m [[34mmain[0;39m] [33morg.springframework.cloud.netflix.eureka.serviceregistry.EurekaServiceRegistry[0;39m : Registering application EBANKING-USERSERVICE with eureka with status UP
[30m2021-07-27 09:06:36,944[0;39m [34m[0;39m[32m INFO [ebanking-userservice,,][0;39m [[34mmain[0;39m] [33morg.springframework.boot.web.embedded.tomcat.TomcatWebServer[0;39m : Tomcat started on port(s): 8283 (http) with context path ''
[30m2021-07-27 09:06:36,945[0;39m [34m[0;39m[32m INFO [ebanking-userservice,,][0;39m [[34mmain[0;39m] [33morg.springframework.cloud.netflix.eureka.serviceregistry.EurekaAutoServiceRegistration[0;39m : Updating port to 8283
[30m2021-07-27 09:06:42,331[0;39m [34m[0;39m[32m INFO [ebanking-userservice,,][0;39m [[34mmain[0;39m] [33morg.springframework.boot.StartupInfoLogger[0;39m : Started UserserviceApplication in 33.118 seconds (JVM running for 35.348)
[30m2021-07-27 09:06:50,458[0;39m [34m[0;39m[32m INFO [ebanking-userservice,,][0;39m [[34mhttp-nio-8283-exec-1[0;39m] [33morg.apache.juli.logging.DirectJDKLog[0;39m : Initializing Spring DispatcherServlet 'dispatcherServlet'
[30m2021-07-27 09:06:50,459[0;39m [34m[0;39m[32m INFO [ebanking-userservice,,][0;39m [[34mhttp-nio-8283-exec-1[0;39m] [33morg.springframework.web.servlet.FrameworkServlet[0;39m : Initializing Servlet 'dispatcherServlet'
[30m2021-07-27 09:06:50,461[0;39m [34m[0;39m[32m INFO [ebanking-userservice,,][0;39m [[34mhttp-nio-8283-exec-1[0;39m] [33morg.springframework.web.servlet.FrameworkServlet[0;39m : Completed initialization in 2 ms
[30m2021-07-27 09:06:52,606[0;39m [34m[0;39m[32m INFO [ebanking-userservice,689196d24b90664c,689196d24b90664c][0;39m [[34mhttp-nio-8283-exec-1[0;39m] [33mma.tna.ebanking.userservice.services.CustomerService[0;39m : Device{id=9, key='45755146', name='ANDROID-23452-12', model='Galaxy S7 ee', fingerprintActivated=true, manufacturer='Samsung', os='Android', ref='bVVFejlObtv4l545', lastConnection=null}
[30m2021-07-27 09:07:36,706[0;39m [34m[0;39m[32m INFO [ebanking-userservice,0b3033523ae6c4a0,0b3033523ae6c4a0][0;39m [[34mhttp-nio-8283-exec-3[0;39m] [33mma.tna.ebanking.userservice.services.CustomerService[0;39m : Device{id=9, key='45755146', name='ANDROID-23452-12', model='Galaxy S7 ee', fingerprintActivated=true, manufacturer='Samsung', os='Android', ref='bVVFejlObtv4l545', lastConnection=2021-07-27T09:06:52.609627900}
